[debug] [2018-02-19T23:26:14.245Z] ----------------------------------------------------------------------
[debug] [2018-02-19T23:26:14.261Z] Command:       C:\Program Files\nodejs\node.exe C:\Users\yani\AppData\Roaming\npm\node_modules\firebase-tools\bin\firebase serve
[debug] [2018-02-19T23:26:14.261Z] CLI Version:   3.17.4
[debug] [2018-02-19T23:26:14.261Z] Platform:      win32
[debug] [2018-02-19T23:26:14.261Z] Node Version:  v8.9.4
[debug] [2018-02-19T23:26:14.261Z] Time:          Mon Feb 19 2018 18:26:14 GMT-0500 (Hora est. Pacífico, Sudamérica)
[debug] [2018-02-19T23:26:14.261Z] ----------------------------------------------------------------------
[debug] 
[debug] [2018-02-19T23:26:14.276Z] > command requires scopes: ["email","openid","https://www.googleapis.com/auth/cloudplatformprojects.readonly","https://www.googleapis.com/auth/firebase","https://www.googleapis.com/auth/cloud-platform"]
[debug] [2018-02-19T23:26:14.276Z] > authorizing via signed-in user
[debug] [2018-02-19T23:26:14.276Z] > refreshing access token with scopes: ["email","https://www.googleapis.com/auth/cloud-platform","https://www.googleapis.com/auth/cloudplatformprojects.readonly","https://www.googleapis.com/auth/firebase","openid"]
[debug] [2018-02-19T23:26:14.276Z] >>> HTTP REQUEST POST https://www.googleapis.com/oauth2/v3/token  
 { refresh_token: '1/g02otMPS0DEDpwwDiKRVCcS-Sf7M90cy2Yn7C1AA8QA',
  client_id: '563584335869-fgrhgmd47bqnekij5i8b5pr03ho849e6.apps.googleusercontent.com',
  client_secret: 'j9iVZfS8kkCEFUPaAeJV0sAi',
  grant_type: 'refresh_token',
  scope: 'email https://www.googleapis.com/auth/cloud-platform https://www.googleapis.com/auth/cloudplatformprojects.readonly https://www.googleapis.com/auth/firebase openid' } 
 Mon Feb 19 2018 18:26:14 GMT-0500 (Hora est. Pacífico, Sudamérica)
[debug] [2018-02-19T23:26:14.793Z] <<< HTTP RESPONSE 200
[debug] [2018-02-19T23:26:14.824Z] >>> HTTP REQUEST GET https://admin.firebase.com/v1/projects/first-project-66342  
  
 Mon Feb 19 2018 18:26:14 GMT-0500 (Hora est. Pacífico, Sudamérica)
[debug] [2018-02-19T23:26:15.981Z] <<< HTTP RESPONSE 200
[debug] [2018-02-19T23:26:15.983Z] >>> HTTP REQUEST GET https://admin.firebase.com/v1/database/first-project-66342/tokens  
  
 Mon Feb 19 2018 18:26:15 GMT-0500 (Hora est. Pacífico, Sudamérica)
[debug] [2018-02-19T23:26:16.648Z] <<< HTTP RESPONSE 200
[info] 
[info] === Serving from 'C:\Users\yani\Downloads\@SRPINT4\RETOS-APIS-INTEGRADAS-VALERIA-YANINA\RETO_UBER'...
[info] 
[debug] [2018-02-19T23:26:16.666Z] >>> HTTP REQUEST GET https://cloudresourcemanager.googleapis.com/v1/projects/first-project-66342  
  
 Mon Feb 19 2018 18:26:16 GMT-0500 (Hora est. Pacífico, Sudamérica)
[debug] [2018-02-19T23:26:18.516Z] <<< HTTP RESPONSE 200
[debug] [2018-02-19T23:26:18.516Z] >>> HTTP REQUEST GET https://mobilesdk-pa.googleapis.com/v1/projects/526633369509/clients/_:getWebAppConfig  
  
 Mon Feb 19 2018 18:26:18 GMT-0500 (Hora est. Pacífico, Sudamérica)
[debug] [2018-02-19T23:26:19.647Z] <<< HTTP RESPONSE 200
[info] i  hosting: Serving hosting files from: public
[info] +  hosting: Local server: http://localhost:5000

[debug] [2018-02-19T23:27:15.154Z] Error: getaddrinfo ENOTFOUND www.gstatic.com www.gstatic.com:443
    at errnoException (dns.js:50:10)
    at GetAddrInfoReqWrap.onlookup [as oncomplete] (dns.js:92:26)
[error] 
[error] Error: An unexpected error has occurred.
[debug] [2018-02-19T23:27:15.159Z] Error: getaddrinfo ENOTFOUND www.gstatic.com www.gstatic.com:443
    at errnoException (dns.js:50:10)
    at GetAddrInfoReqWrap.onlookup [as oncomplete] (dns.js:92:26)
[error] 
[error] Error: An unexpected error has occurred.
[debug] [2018-02-19T23:27:15.162Z] Error: getaddrinfo ENOTFOUND www.gstatic.com www.gstatic.com:443
    at errnoException (dns.js:50:10)
    at GetAddrInfoReqWrap.onlookup [as oncomplete] (dns.js:92:26)
[error] 
[error] Error: An unexpected error has occurred.
[debug] [2018-02-19T23:27:15.166Z] Error: socket hang up
    at createHangUpError (_http_client.js:331:15)
    at TLSSocket.socketCloseListener (_http_client.js:363:23)
    at emitOne (events.js:121:20)
    at TLSSocket.emit (events.js:211:7)
    at _handle.close (net.js:554:12)
    at TCP.done [as _onclose] (_tls_wrap.js:356:7)
[error] 
[error] Error: An unexpected error has occurred.
[debug] [2018-02-19T23:27:15.172Z] Error: socket hang up
    at createHangUpError (_http_client.js:331:15)
    at TLSSocket.socketCloseListener (_http_client.js:363:23)
    at emitOne (events.js:121:20)
    at TLSSocket.emit (events.js:211:7)
    at _handle.close (net.js:554:12)
    at TCP.done [as _onclose] (_tls_wrap.js:356:7)
[error] 
[error] Error: An unexpected error has occurred.
[debug] [2018-02-19T23:27:15.175Z] Error: socket hang up
    at createHangUpError (_http_client.js:331:15)
    at TLSSocket.socketCloseListener (_http_client.js:363:23)
    at emitOne (events.js:121:20)
    at TLSSocket.emit (events.js:211:7)
    at _handle.close (net.js:554:12)
    at TCP.done [as _onclose] (_tls_wrap.js:356:7)
[error] 
[error] Error: An unexpected error has occurred.
[debug] [2018-02-19T23:27:15.177Z] Error: getaddrinfo ENOTFOUND www.gstatic.com www.gstatic.com:443
    at errnoException (dns.js:50:10)
    at GetAddrInfoReqWrap.onlookup [as oncomplete] (dns.js:92:26)
[error] 
[error] Error: An unexpected error has occurred.
[debug] [2018-02-19T23:27:15.180Z] Error: socket hang up
    at createHangUpError (_http_client.js:331:15)
    at TLSSocket.socketCloseListener (_http_client.js:363:23)
    at emitOne (events.js:121:20)
    at TLSSocket.emit (events.js:211:7)
    at _handle.close (net.js:554:12)
    at TCP.done [as _onclose] (_tls_wrap.js:356:7)
[error] 
[error] Error: An unexpected error has occurred.
